#
# There is insufficient memory for the Java Runtime Environment to continue.
# Native memory allocation (malloc) failed to allocate 1349936 bytes for Chunk::new
# Possible reasons:
#   The system is out of physical RAM or swap space
#   The process is running with CompressedOops enabled, and the Java Heap may be blocking the growth of the native heap
# Possible solutions:
#   Reduce memory load on the system
#   Increase physical memory or swap space
#   Check if swap backing store is full
#   Decrease Java heap size (-Xmx/-Xms)
#   Decrease number of Java threads
#   Decrease Java thread stack sizes (-Xss)
#   Set larger code cache with -XX:ReservedCodeCacheSize=
#   JVM is running with Unscaled Compressed Oops mode in which the Java heap is
#     placed in the first 4GB address space. The Java Heap base address is the
#     maximum limit for the native heap growth. Please use -XX:HeapBaseMinAddress
#     to set the Java Heap base and to place the Java Heap above 4GB virtual address.
# This output file may be truncated or incomplete.
#
#  Out of Memory Error (./src/hotspot/share/memory/arena.cpp:197), pid=14588, tid=24996
#
# JRE version: OpenJDK Runtime Environment (11.0.13) (build 11.0.13+0-b1751.21-8125866)
# Java VM: OpenJDK 64-Bit Server VM (11.0.13+0-b1751.21-8125866, mixed mode, tiered, compressed oops, g1 gc, windows-amd64)
# No core dump will be written. Minidumps are not enabled by default on client versions of Windows
#

---------------  S U M M A R Y ------------

Command Line: --add-opens=java.base/java.util=ALL-UNNAMED --add-opens=java.base/java.lang=ALL-UNNAMED --add-opens=java.base/java.lang.invoke=ALL-UNNAMED --add-opens=java.base/java.util=ALL-UNNAMED --add-opens=java.prefs/java.util.prefs=ALL-UNNAMED --add-opens=java.prefs/java.util.prefs=ALL-UNNAMED --add-opens=java.base/java.nio.charset=ALL-UNNAMED --add-opens=java.base/java.net=ALL-UNNAMED --add-opens=java.base/java.util.concurrent.atomic=ALL-UNNAMED -Xmx2048m -Dfile.encoding=UTF-8 -Duser.country=CN -Duser.language=zh -Duser.variant org.gradle.launcher.daemon.bootstrap.GradleDaemon 7.4

Host: Intel(R) Core(TM) i5-9300H CPU @ 2.40GHz, 8 cores, 7G,  Windows 11 , 64 bit Build 22621 (10.0.22621.1194)
Time: Wed Feb 22 21:00:47 2023 中国标准时间 elapsed time: 93.876413 seconds (0d 0h 1m 33s)

---------------  T H R E A D  ---------------

Current thread (0x00000297acead000):  JavaThread "C2 CompilerThread0" daemon [_thread_in_native, id=24996, stack(0x000000eba5b00000,0x000000eba5c00000)]


Current CompileTask:
C2:  93884 9093       4       javax.management.ObjectName::construct (1135 bytes)

Stack: [0x000000eba5b00000,0x000000eba5c00000]
Native frames: (J=compiled Java code, j=interpreted, Vv=VM code, C=native code)
V  [jvm.dll+0x6100fa]
V  [jvm.dll+0x747090]
V  [jvm.dll+0x7486ad]
V  [jvm.dll+0x748d83]
V  [jvm.dll+0x24ab48]
V  [jvm.dll+0xc04dc]
V  [jvm.dll+0xc0a0c]
V  [jvm.dll+0x35eb9d]
V  [jvm.dll+0x32b833]
V  [jvm.dll+0x32ad2a]
V  [jvm.dll+0x2032b2]
V  [jvm.dll+0x202437]
V  [jvm.dll+0x188e01]
V  [jvm.dll+0x21106b]
V  [jvm.dll+0x20f8c1]
V  [jvm.dll+0x70de0f]
V  [jvm.dll+0x706a75]
V  [jvm.dll+0x60ed66]
C  [ucrtbase.dll+0x29363]
C  [KERNEL32.DLL+0x126bd]
C  [ntdll.dll+0x5dfb8]


---------------  P R O C E S S  ---------------

Threads class SMR info:
_java_thread_list=0x00000297b3757650, length=131, elements={
0x0000029792118000, 0x00000297ac5c0800, 0x00000297ac5c1800, 0x00000297ac5ec800,
0x00000297ac5ed800, 0x00000297acea9000, 0x00000297acead000, 0x00000297aceb1000,
0x00000297aceb4800, 0x00000297ad02e800, 0x00000297af283000, 0x00000297ae95b000,
0x00000297ade40800, 0x00000297ae96c000, 0x00000297ae566800, 0x00000297ae8d4800,
0x00000297ae8d5800, 0x00000297af069800, 0x00000297af040000, 0x00000297af03d000,
0x00000297af041000, 0x00000297af03d800, 0x00000297af03e800, 0x00000297af03b800,
0x00000297af03f800, 0x00000297af03c000, 0x00000297af042000, 0x00000297ade5b000,
0x00000297ade5c800, 0x00000297ade5c000, 0x00000297ade5e800, 0x00000297ade5f000,
0x00000297ade5a800, 0x00000297ade64000, 0x00000297ade62800, 0x00000297ade65800,
0x00000297ade65000, 0x00000297ade63000, 0x00000297ade60000, 0x00000297ade66800,
0x00000297ade61000, 0x00000297ade67800, 0x00000297ade61800, 0x00000297ade69000,
0x00000297ade68000, 0x00000297af0d8800, 0x00000297af0d7000, 0x00000297af0d7800,
0x00000297af0d5000, 0x00000297af0d9800, 0x00000297af0db000, 0x00000297af0d6000,
0x00000297af0dc800, 0x00000297af0dd800, 0x00000297af0de000, 0x00000297af0e0000,
0x00000297af0db800, 0x00000297af0df000, 0x00000297af0da000, 0x00000297af0e4000,
0x00000297af0e0800, 0x00000297af0e1800, 0x00000297af0e2800, 0x00000297af0e3000,
0x00000297af4b8800, 0x00000297af4b9000, 0x00000297af4b6800, 0x00000297af4b6000,
0x00000297af4bb000, 0x00000297af4ba000, 0x00000297af4bc800, 0x00000297af4bb800,
0x00000297af4bd000, 0x00000297af4b7800, 0x00000297af4c2000, 0x00000297af4c1800,
0x00000297af4c3800, 0x00000297af4c3000, 0x00000297af4be000, 0x00000297af4c4800,
0x00000297af4bf000, 0x00000297af4bf800, 0x00000297af4c0800, 0x00000297b0e0b000,
0x00000297b0e0a800, 0x00000297b0e0c000, 0x00000297b0e0d800, 0x00000297b0e0e800,
0x00000297b0e11800, 0x00000297b0e0c800, 0x00000297b0e15000, 0x00000297b0e0f000,
0x00000297b0e14000, 0x00000297b0e12800, 0x00000297b0e15800, 0x00000297b0e11000,
0x00000297b0e10000, 0x00000297b0e17800, 0x00000297b0e18000, 0x00000297b0e13800,
0x00000297b0e16800, 0x00000297b0e19000, 0x00000297ad222800, 0x00000297ad223800,
0x00000297ad225000, 0x00000297ad224800, 0x00000297ad226000, 0x00000297ad227000,
0x00000297ad222000, 0x00000297ad229000, 0x00000297ad22b800, 0x00000297ad227800,
0x00000297ad22e000, 0x00000297ad22c800, 0x00000297ad228800, 0x00000297ad22f000,
0x00000297ad230000, 0x00000297ad22a000, 0x00000297ad22b000, 0x00000297ad22d800,
0x00000297ad230800, 0x00000297b368d800, 0x00000297b3691000, 0x00000297b368c800,
0x00000297b368b000, 0x00000297b3690000, 0x00000297b368f000, 0x00000297b368e800,
0x00000297b3691800, 0x00000297b368c000, 0x00000297b3693800
}

Java Threads: ( => current thread )
  0x0000029792118000 JavaThread "main" [_thread_blocked, id=24704, stack(0x000000eba4f00000,0x000000eba5000000)]
  0x00000297ac5c0800 JavaThread "Reference Handler" daemon [_thread_blocked, id=17160, stack(0x000000eba5600000,0x000000eba5700000)]
  0x00000297ac5c1800 JavaThread "Finalizer" daemon [_thread_blocked, id=10136, stack(0x000000eba5700000,0x000000eba5800000)]
  0x00000297ac5ec800 JavaThread "Signal Dispatcher" daemon [_thread_blocked, id=19628, stack(0x000000eba5800000,0x000000eba5900000)]
  0x00000297ac5ed800 JavaThread "Attach Listener" daemon [_thread_blocked, id=21604, stack(0x000000eba5900000,0x000000eba5a00000)]
  0x00000297acea9000 JavaThread "Service Thread" daemon [_thread_blocked, id=19216, stack(0x000000eba5a00000,0x000000eba5b00000)]
=>0x00000297acead000 JavaThread "C2 CompilerThread0" daemon [_thread_in_native, id=24996, stack(0x000000eba5b00000,0x000000eba5c00000)]
  0x00000297aceb1000 JavaThread "C1 CompilerThread0" daemon [_thread_blocked, id=18600, stack(0x000000eba5c00000,0x000000eba5d00000)]
  0x00000297aceb4800 JavaThread "Sweeper thread" daemon [_thread_blocked, id=27320, stack(0x000000eba5d00000,0x000000eba5e00000)]
  0x00000297ad02e800 JavaThread "Common-Cleaner" daemon [_thread_blocked, id=27024, stack(0x000000eba5e00000,0x000000eba5f00000)]
  0x00000297af283000 JavaThread "Daemon health stats" [_thread_blocked, id=8968, stack(0x000000eba6200000,0x000000eba6300000)]
  0x00000297ae95b000 JavaThread "Incoming local TCP Connector on port 65350" [_thread_in_native, id=13948, stack(0x000000eba6300000,0x000000eba6400000)]
  0x00000297ade40800 JavaThread "Daemon periodic checks" [_thread_blocked, id=18200, stack(0x000000eba6400000,0x000000eba6500000)]
  0x00000297ae96c000 JavaThread "Daemon" [_thread_blocked, id=24876, stack(0x000000eba6500000,0x000000eba6600000)]
  0x00000297ae566800 JavaThread "Handler for socket connection from /127.0.0.1:65350 to /127.0.0.1:65351" [_thread_in_native, id=20804, stack(0x000000eba6600000,0x000000eba6700000)]
  0x00000297ae8d4800 JavaThread "Cancel handler" [_thread_blocked, id=17768, stack(0x000000eba6700000,0x000000eba6800000)]
  0x00000297ae8d5800 JavaThread "Daemon worker" [_thread_blocked, id=13400, stack(0x000000eba6800000,0x000000eba6900000)]
  0x00000297af069800 JavaThread "Asynchronous log dispatcher for DefaultDaemonConnection: socket connection from /127.0.0.1:65350 to /127.0.0.1:65351" [_thread_blocked, id=26744, stack(0x000000eba6900000,0x000000eba6a00000)]
  0x00000297af040000 JavaThread "Daemon client event forwarder" [_thread_blocked, id=24856, stack(0x000000eba6b00000,0x000000eba6c00000)]
  0x00000297af03d000 JavaThread "Cache worker for journal cache (E:\Android2021.3\Sdk\.gradle\caches\journal-1)" [_thread_blocked, id=20972, stack(0x000000eba7100000,0x000000eba7200000)]
  0x00000297af041000 JavaThread "File lock request listener" [_thread_in_native, id=17052, stack(0x000000eba7200000,0x000000eba7300000)]
  0x00000297af03d800 JavaThread "Cache worker for file hash cache (E:\Android2021.3\Sdk\.gradle\caches\7.4\fileHashes)" [_thread_blocked, id=27032, stack(0x000000eba7300000,0x000000eba7400000)]
  0x00000297af03e800 JavaThread "File watcher server" daemon [_thread_in_native, id=26728, stack(0x000000eba7500000,0x000000eba7600000)]
  0x00000297af03b800 JavaThread "File watcher consumer" daemon [_thread_blocked, id=14756, stack(0x000000eba7600000,0x000000eba7700000)]
  0x00000297af03f800 JavaThread "Cache worker for checksums cache (E:\Android2021.3\AndroidStudioProjects\History\.gradle\7.4\checksums)" [_thread_blocked, id=12616, stack(0x000000eba7700000,0x000000eba7800000)]
  0x00000297af03c000 JavaThread "Cache worker for cache directory md-rule (E:\Android2021.3\Sdk\.gradle\caches\7.4\md-rule)" [_thread_blocked, id=19228, stack(0x000000eba7800000,0x000000eba7900000)]
  0x00000297af042000 JavaThread "Cache worker for file hash cache (E:\Android2021.3\AndroidStudioProjects\History\.gradle\7.4\fileHashes)" [_thread_blocked, id=22928, stack(0x000000eba7900000,0x000000eba7a00000)]
  0x00000297ade5b000 JavaThread "Cache worker for cache directory md-supplier (E:\Android2021.3\Sdk\.gradle\caches\7.4\md-supplier)" [_thread_blocked, id=13484, stack(0x000000eba7a00000,0x000000eba7b00000)]
  0x00000297ade5c800 JavaThread "Cache worker for execution history cache (E:\Android2021.3\Sdk\.gradle\caches\7.4\executionHistory)" [_thread_blocked, id=1616, stack(0x000000eba7b00000,0x000000eba7c00000)]
  0x00000297ade5c000 JavaThread "jar transforms" [_thread_blocked, id=25396, stack(0x000000eba7e00000,0x000000eba7f00000)]
  0x00000297ade5e800 JavaThread "Cache worker for file content cache (E:\Android2021.3\Sdk\.gradle\caches\7.4\fileContent)" [_thread_blocked, id=14840, stack(0x000000eba7f00000,0x000000eba8000000)]
  0x00000297ade5f000 JavaThread "jar transforms Thread 2" [_thread_blocked, id=13268, stack(0x000000eba8000000,0x000000eba8100000)]
  0x00000297ade5a800 JavaThread "Cache worker for dependencies-accessors (E:\Android2021.3\AndroidStudioProjects\History\.gradle\7.4\dependencies-accessors)" [_thread_blocked, id=8036, stack(0x000000eba8100000,0x000000eba8200000)]
  0x00000297ade64000 JavaThread "jar transforms Thread 3" [_thread_blocked, id=12008, stack(0x000000eba8200000,0x000000eba8300000)]
  0x00000297ade62800 JavaThread "Cache worker for Build Output Cleanup Cache (E:\Android2021.3\AndroidStudioProjects\History\.gradle\buildOutputCleanup)" [_thread_blocked, id=13156, stack(0x000000eba8300000,0x000000eba8400000)]
  0x00000297ade65800 JavaThread "Unconstrained build operations" [_thread_blocked, id=8448, stack(0x000000eba8400000,0x000000eba8500000)]
  0x00000297ade65000 JavaThread "Unconstrained build operations Thread 2" [_thread_blocked, id=10044, stack(0x000000eba8500000,0x000000eba8600000)]
  0x00000297ade63000 JavaThread "Unconstrained build operations Thread 3" [_thread_blocked, id=16604, stack(0x000000eba8600000,0x000000eba8700000)]
  0x00000297ade60000 JavaThread "Unconstrained build operations Thread 4" [_thread_blocked, id=11600, stack(0x000000eba8700000,0x000000eba8800000)]
  0x00000297ade66800 JavaThread "Unconstrained build operations Thread 5" [_thread_blocked, id=24776, stack(0x000000eba8800000,0x000000eba8900000)]
  0x00000297ade61000 JavaThread "Unconstrained build operations Thread 6" [_thread_blocked, id=17480, stack(0x000000eba8900000,0x000000eba8a00000)]
  0x00000297ade67800 JavaThread "Unconstrained build operations Thread 7" [_thread_blocked, id=22436, stack(0x000000eba8a00000,0x000000eba8b00000)]
  0x00000297ade61800 JavaThread "Unconstrained build operations Thread 8" [_thread_blocked, id=7488, stack(0x000000eba8b00000,0x000000eba8c00000)]
  0x00000297ade69000 JavaThread "Unconstrained build operations Thread 9" [_thread_blocked, id=19512, stack(0x000000eba8c00000,0x000000eba8d00000)]
  0x00000297ade68000 JavaThread "Unconstrained build operations Thread 10" [_thread_blocked, id=13332, stack(0x000000eba8d00000,0x000000eba8e00000)]
  0x00000297af0d8800 JavaThread "Unconstrained build operations Thread 11" [_thread_blocked, id=26024, stack(0x000000eba8e00000,0x000000eba8f00000)]
  0x00000297af0d7000 JavaThread "Unconstrained build operations Thread 12" [_thread_blocked, id=26724, stack(0x000000eba8f00000,0x000000eba9000000)]
  0x00000297af0d7800 JavaThread "Unconstrained build operations Thread 13" [_thread_blocked, id=20028, stack(0x000000eba9000000,0x000000eba9100000)]
  0x00000297af0d5000 JavaThread "Unconstrained build operations Thread 14" [_thread_blocked, id=21440, stack(0x000000eba9100000,0x000000eba9200000)]
  0x00000297af0d9800 JavaThread "Unconstrained build operations Thread 15" [_thread_blocked, id=14972, stack(0x000000eba9200000,0x000000eba9300000)]
  0x00000297af0db000 JavaThread "Unconstrained build operations Thread 16" [_thread_blocked, id=26000, stack(0x000000eba9300000,0x000000eba9400000)]
  0x00000297af0d6000 JavaThread "Unconstrained build operations Thread 17" [_thread_blocked, id=25900, stack(0x000000eba9400000,0x000000eba9500000)]
  0x00000297af0dc800 JavaThread "Unconstrained build operations Thread 18" [_thread_blocked, id=16708, stack(0x000000eba9500000,0x000000eba9600000)]
  0x00000297af0dd800 JavaThread "Unconstrained build operations Thread 19" [_thread_blocked, id=25744, stack(0x000000eba9600000,0x000000eba9700000)]
  0x00000297af0de000 JavaThread "Unconstrained build operations Thread 20" [_thread_blocked, id=10244, stack(0x000000eba9700000,0x000000eba9800000)]
  0x00000297af0e0000 JavaThread "Unconstrained build operations Thread 21" [_thread_blocked, id=21848, stack(0x000000eba9800000,0x000000eba9900000)]
  0x00000297af0db800 JavaThread "Unconstrained build operations Thread 22" [_thread_blocked, id=19540, stack(0x000000eba9900000,0x000000eba9a00000)]
  0x00000297af0df000 JavaThread "Unconstrained build operations Thread 23" [_thread_blocked, id=5828, stack(0x000000eba9a00000,0x000000eba9b00000)]
  0x00000297af0da000 JavaThread "Unconstrained build operations Thread 24" [_thread_blocked, id=15636, stack(0x000000eba9b00000,0x000000eba9c00000)]
  0x00000297af0e4000 JavaThread "Unconstrained build operations Thread 25" [_thread_blocked, id=5444, stack(0x000000eba9c00000,0x000000eba9d00000)]
  0x00000297af0e0800 JavaThread "Unconstrained build operations Thread 26" [_thread_blocked, id=19980, stack(0x000000eba9d00000,0x000000eba9e00000)]
  0x00000297af0e1800 JavaThread "Unconstrained build operations Thread 27" [_thread_blocked, id=12448, stack(0x000000eba9e00000,0x000000eba9f00000)]
  0x00000297af0e2800 JavaThread "Unconstrained build operations Thread 28" [_thread_blocked, id=4648, stack(0x000000eba9f00000,0x000000ebaa000000)]
  0x00000297af0e3000 JavaThread "Unconstrained build operations Thread 29" [_thread_blocked, id=9620, stack(0x000000ebaa000000,0x000000ebaa100000)]
  0x00000297af4b8800 JavaThread "Unconstrained build operations Thread 30" [_thread_blocked, id=16340, stack(0x000000ebaa100000,0x000000ebaa200000)]
  0x00000297af4b9000 JavaThread "Unconstrained build operations Thread 31" [_thread_blocked, id=16024, stack(0x000000ebaa200000,0x000000ebaa300000)]
  0x00000297af4b6800 JavaThread "Unconstrained build operations Thread 32" [_thread_blocked, id=19692, stack(0x000000ebaa300000,0x000000ebaa400000)]
  0x00000297af4b6000 JavaThread "Unconstrained build operations Thread 33" [_thread_blocked, id=18424, stack(0x000000ebaa400000,0x000000ebaa500000)]
  0x00000297af4bb000 JavaThread "Unconstrained build operations Thread 34" [_thread_blocked, id=12312, stack(0x000000ebaa500000,0x000000ebaa600000)]
  0x00000297af4ba000 JavaThread "Unconstrained build operations Thread 35" [_thread_blocked, id=24712, stack(0x000000ebaa600000,0x000000ebaa700000)]
  0x00000297af4bc800 JavaThread "Unconstrained build operations Thread 36" [_thread_blocked, id=24484, stack(0x000000ebaa700000,0x000000ebaa800000)]
  0x00000297af4bb800 JavaThread "Unconstrained build operations Thread 37" [_thread_blocked, id=13424, stack(0x000000ebaa800000,0x000000ebaa900000)]
  0x00000297af4bd000 JavaThread "Unconstrained build operations Thread 38" [_thread_blocked, id=15992, stack(0x000000ebaa900000,0x000000ebaaa00000)]
  0x00000297af4b7800 JavaThread "Unconstrained build operations Thread 39" [_thread_blocked, id=10628, stack(0x000000ebaaa00000,0x000000ebaab00000)]
  0x00000297af4c2000 JavaThread "Unconstrained build operations Thread 40" [_thread_blocked, id=21712, stack(0x000000ebaab00000,0x000000ebaac00000)]
  0x00000297af4c1800 JavaThread "Unconstrained build operations Thread 41" [_thread_blocked, id=16224, stack(0x000000ebaac00000,0x000000ebaad00000)]
  0x00000297af4c3800 JavaThread "Unconstrained build operations Thread 42" [_thread_blocked, id=18628, stack(0x000000ebaad00000,0x000000ebaae00000)]
  0x00000297af4c3000 JavaThread "Unconstrained build operations Thread 43" [_thread_blocked, id=18376, stack(0x000000ebaae00000,0x000000ebaaf00000)]
  0x00000297af4be000 JavaThread "Unconstrained build operations Thread 44" [_thread_blocked, id=23872, stack(0x000000ebaaf00000,0x000000ebab000000)]
  0x00000297af4c4800 JavaThread "Unconstrained build operations Thread 45" [_thread_blocked, id=10420, stack(0x000000ebab000000,0x000000ebab100000)]
  0x00000297af4bf000 JavaThread "Unconstrained build operations Thread 46" [_thread_blocked, id=5920, stack(0x000000ebab100000,0x000000ebab200000)]
  0x00000297af4bf800 JavaThread "Unconstrained build operations Thread 47" [_thread_blocked, id=22612, stack(0x000000ebab200000,0x000000ebab300000)]
  0x00000297af4c0800 JavaThread "Unconstrained build operations Thread 48" [_thread_blocked, id=15844, stack(0x000000ebab300000,0x000000ebab400000)]
  0x00000297b0e0b000 JavaThread "Unconstrained build operations Thread 49" [_thread_blocked, id=2052, stack(0x000000ebab400000,0x000000ebab500000)]
  0x00000297b0e0a800 JavaThread "Unconstrained build operations Thread 50" [_thread_blocked, id=26548, stack(0x000000ebab500000,0x000000ebab600000)]
  0x00000297b0e0c000 JavaThread "Unconstrained build operations Thread 51" [_thread_blocked, id=5612, stack(0x000000ebab600000,0x000000ebab700000)]
  0x00000297b0e0d800 JavaThread "Unconstrained build operations Thread 52" [_thread_blocked, id=25624, stack(0x000000ebab700000,0x000000ebab800000)]
  0x00000297b0e0e800 JavaThread "Unconstrained build operations Thread 53" [_thread_blocked, id=4428, stack(0x000000ebab800000,0x000000ebab900000)]
  0x00000297b0e11800 JavaThread "Unconstrained build operations Thread 54" [_thread_blocked, id=16928, stack(0x000000ebab900000,0x000000ebaba00000)]
  0x00000297b0e0c800 JavaThread "Unconstrained build operations Thread 55" [_thread_blocked, id=18708, stack(0x000000ebaba00000,0x000000ebabb00000)]
  0x00000297b0e15000 JavaThread "Unconstrained build operations Thread 56" [_thread_blocked, id=12472, stack(0x000000ebabb00000,0x000000ebabc00000)]
  0x00000297b0e0f000 JavaThread "Unconstrained build operations Thread 57" [_thread_blocked, id=5576, stack(0x000000ebabc00000,0x000000ebabd00000)]
  0x00000297b0e14000 JavaThread "Unconstrained build operations Thread 58" [_thread_blocked, id=17764, stack(0x000000ebabd00000,0x000000ebabe00000)]
  0x00000297b0e12800 JavaThread "Unconstrained build operations Thread 59" [_thread_blocked, id=11532, stack(0x000000ebabe00000,0x000000ebabf00000)]
  0x00000297b0e15800 JavaThread "Unconstrained build operations Thread 60" [_thread_blocked, id=12772, stack(0x000000ebabf00000,0x000000ebac000000)]
  0x00000297b0e11000 JavaThread "Unconstrained build operations Thread 61" [_thread_blocked, id=23380, stack(0x000000ebac000000,0x000000ebac100000)]
  0x00000297b0e10000 JavaThread "Unconstrained build operations Thread 62" [_thread_blocked, id=27240, stack(0x000000ebac100000,0x000000ebac200000)]
  0x00000297b0e17800 JavaThread "Unconstrained build operations Thread 63" [_thread_blocked, id=22472, stack(0x000000ebac200000,0x000000ebac300000)]
  0x00000297b0e18000 JavaThread "Unconstrained build operations Thread 64" [_thread_blocked, id=15352, stack(0x000000ebac300000,0x000000ebac400000)]
  0x00000297b0e13800 JavaThread "Unconstrained build operations Thread 65" [_thread_blocked, id=13140, stack(0x000000ebac400000,0x000000ebac500000)]
  0x00000297b0e16800 JavaThread "Unconstrained build operations Thread 66" [_thread_blocked, id=952, stack(0x000000ebac500000,0x000000ebac600000)]
  0x00000297b0e19000 JavaThread "Unconstrained build operations Thread 67" [_thread_blocked, id=9736, stack(0x000000ebac600000,0x000000ebac700000)]
  0x00000297ad222800 JavaThread "Unconstrained build operations Thread 68" [_thread_blocked, id=11604, stack(0x000000ebac700000,0x000000ebac800000)]
  0x00000297ad223800 JavaThread "Unconstrained build operations Thread 69" [_thread_blocked, id=9624, stack(0x000000ebac800000,0x000000ebac900000)]
  0x00000297ad225000 JavaThread "Unconstrained build operations Thread 70" [_thread_blocked, id=13348, stack(0x000000ebac900000,0x000000ebaca00000)]
  0x00000297ad224800 JavaThread "Unconstrained build operations Thread 71" [_thread_blocked, id=17772, stack(0x000000ebaca00000,0x000000ebacb00000)]
  0x00000297ad226000 JavaThread "Unconstrained build operations Thread 72" [_thread_blocked, id=18152, stack(0x000000ebacb00000,0x000000ebacc00000)]
  0x00000297ad227000 JavaThread "Unconstrained build operations Thread 73" [_thread_blocked, id=2556, stack(0x000000ebacc00000,0x000000ebacd00000)]
  0x00000297ad222000 JavaThread "Unconstrained build operations Thread 74" [_thread_blocked, id=19304, stack(0x000000ebacd00000,0x000000ebace00000)]
  0x00000297ad229000 JavaThread "Unconstrained build operations Thread 75" [_thread_blocked, id=27464, stack(0x000000ebace00000,0x000000ebacf00000)]
  0x00000297ad22b800 JavaThread "Unconstrained build operations Thread 76" [_thread_blocked, id=18072, stack(0x000000ebacf00000,0x000000ebad000000)]
  0x00000297ad227800 JavaThread "Unconstrained build operations Thread 77" [_thread_blocked, id=11812, stack(0x000000ebad000000,0x000000ebad100000)]
  0x00000297ad22e000 JavaThread "Unconstrained build operations Thread 78" [_thread_blocked, id=26164, stack(0x000000ebad100000,0x000000ebad200000)]
  0x00000297ad22c800 JavaThread "Unconstrained build operations Thread 79" [_thread_blocked, id=27536, stack(0x000000ebad200000,0x000000ebad300000)]
  0x00000297ad228800 JavaThread "Unconstrained build operations Thread 80" [_thread_blocked, id=19112, stack(0x000000ebad300000,0x000000ebad400000)]
  0x00000297ad22f000 JavaThread "jar transforms Thread 4" [_thread_blocked, id=15520, stack(0x000000ebad400000,0x000000ebad500000)]
  0x00000297ad230000 JavaThread "jar transforms Thread 5" [_thread_blocked, id=9940, stack(0x000000ebad500000,0x000000ebad600000)]
  0x00000297ad22a000 JavaThread "jar transforms Thread 6" [_thread_blocked, id=5860, stack(0x000000ebad600000,0x000000ebad700000)]
  0x00000297ad22b000 JavaThread "jar transforms Thread 7" [_thread_blocked, id=20052, stack(0x000000ebad700000,0x000000ebad800000)]
  0x00000297ad22d800 JavaThread "jar transforms Thread 8" [_thread_blocked, id=4932, stack(0x000000ebad800000,0x000000ebad900000)]
  0x00000297ad230800 JavaThread "Memory manager" [_thread_blocked, id=17112, stack(0x000000eba4c00000,0x000000eba4d00000)]
  0x00000297b368d800 JavaThread "build event listener" [_thread_blocked, id=16724, stack(0x000000eba4d00000,0x000000eba4e00000)]
  0x00000297b3691000 JavaThread "included builds" [_thread_blocked, id=22980, stack(0x000000eba4e00000,0x000000eba4f00000)]
  0x00000297b368c800 JavaThread "Execution worker for ':'" [_thread_blocked, id=7944, stack(0x000000eba6a00000,0x000000eba6b00000)]
  0x00000297b368b000 JavaThread "Execution worker for ':' Thread 2" [_thread_blocked, id=1668, stack(0x000000ebad900000,0x000000ebada00000)]
  0x00000297b3690000 JavaThread "Execution worker for ':' Thread 3" [_thread_blocked, id=1540, stack(0x000000ebada00000,0x000000ebadb00000)]
  0x00000297b368f000 JavaThread "Execution worker for ':' Thread 4" [_thread_blocked, id=26560, stack(0x000000ebadb00000,0x000000ebadc00000)]
  0x00000297b368e800 JavaThread "Execution worker for ':' Thread 5" [_thread_in_native, id=19004, stack(0x000000ebadc00000,0x000000ebadd00000)]
  0x00000297b3691800 JavaThread "Execution worker for ':' Thread 6" [_thread_blocked, id=18656, stack(0x000000ebadd00000,0x000000ebade00000)]
  0x00000297b368c000 JavaThread "Execution worker for ':' Thread 7" [_thread_blocked, id=4860, stack(0x000000ebade00000,0x000000ebadf00000)]
  0x00000297b3693800 JavaThread "Cache worker for execution history cache (E:\Android2021.3\AndroidStudioProjects\History\.gradle\7.4\executionHistory)" [_thread_blocked, id=6152, stack(0x000000ebadf00000,0x000000ebae000000)]

Other Threads:
  0x00000297ac5bf000 VMThread "VM Thread" [stack: 0x000000eba5500000,0x000000eba5600000] [id=11376]
  0x00000297ad065800 WatcherThread [stack: 0x000000eba5f00000,0x000000eba6000000] [id=14052]
  0x0000029792131800 GCTaskThread "GC Thread#0" [stack: 0x000000eba5000000,0x000000eba5100000] [id=25188]
  0x00000297adba9800 GCTaskThread "GC Thread#1" [stack: 0x000000eba6000000,0x000000eba6100000] [id=2256]
  0x00000297ad94a800 GCTaskThread "GC Thread#2" [stack: 0x000000eba6100000,0x000000eba6200000] [id=20212]
  0x00000297ada18800 GCTaskThread "GC Thread#3" [stack: 0x000000eba6c00000,0x000000eba6d00000] [id=18508]
  0x00000297ae817000 GCTaskThread "GC Thread#4" [stack: 0x000000eba6d00000,0x000000eba6e00000] [id=13008]
  0x00000297ae818000 GCTaskThread "GC Thread#5" [stack: 0x000000eba6e00000,0x000000eba6f00000] [id=19892]
  0x00000297ae508800 GCTaskThread "GC Thread#6" [stack: 0x000000eba6f00000,0x000000eba7000000] [id=17632]
  0x00000297ae509800 GCTaskThread "GC Thread#7" [stack: 0x000000eba7000000,0x000000eba7100000] [id=21556]
  0x0000029792164800 ConcurrentGCThread "G1 Main Marker" [stack: 0x000000eba5100000,0x000000eba5200000] [id=16836]
  0x0000029792168000 ConcurrentGCThread "G1 Conc#0" [stack: 0x000000eba5200000,0x000000eba5300000] [id=10584]
  0x00000297adf8e800 ConcurrentGCThread "G1 Conc#1" [stack: 0x000000eba7400000,0x000000eba7500000] [id=23776]
  0x00000297ac410800 ConcurrentGCThread "G1 Refine#0" [stack: 0x000000eba5300000,0x000000eba5400000] [id=27132]
  0x00000297ac411800 ConcurrentGCThread "G1 Young RemSet Sampling" [stack: 0x000000eba5400000,0x000000eba5500000] [id=11224]

Threads with active compile tasks:
C2 CompilerThread0  94407 9093       4       javax.management.ObjectName::construct (1135 bytes)

VM state:not at safepoint (normal execution)

VM Mutex/Monitor currently owned by a thread: None

Heap address: 0x0000000080000000, size: 2048 MB, Compressed Oops mode: 32-bit
Narrow klass base: 0x0000000000000000, Narrow klass shift: 3
Compressed class space size: 1073741824 Address: 0x0000000100000000

Heap:
 garbage-first heap   total 129024K, used 83088K [0x0000000080000000, 0x0000000100000000)
  region size 1024K, 22 young (22528K), 6 survivors (6144K)
 Metaspace       used 82773K, capacity 84840K, committed 85116K, reserved 1122304K
  class space    used 10785K, capacity 11587K, committed 11724K, reserved 1048576K
Heap Regions: E=young(eden), S=young(survivor), O=old, HS=humongous(starts), HC=humongous(continues), CS=collection set, F=free, A=archive, TAMS=top-at-mark-start (previous, next)
|   0|0x0000000080000000, 0x0000000080100000, 0x0000000080100000|100%| O|  |TAMS 0x0000000080100000, 0x0000000080000000| Untracked 
|   1|0x0000000080100000, 0x0000000080200000, 0x0000000080200000|100%| O|  |TAMS 0x0000000080200000, 0x0000000080100000| Untracked 
|   2|0x0000000080200000, 0x0000000080300000, 0x0000000080300000|100%| O|  |TAMS 0x0000000080300000, 0x0000000080200000| Untracked 
|   3|0x0000000080300000, 0x0000000080400000, 0x0000000080400000|100%|HS|  |TAMS 0x0000000080400000, 0x0000000080300000| Complete 
|   4|0x0000000080400000, 0x0000000080500000, 0x0000000080500000|100%|HC|  |TAMS 0x0000000080500000, 0x0000000080400000| Complete 
|   5|0x0000000080500000, 0x0000000080600000, 0x0000000080600000|100%|HC|  |TAMS 0x0000000080600000, 0x0000000080500000| Complete 
|   6|0x0000000080600000, 0x0000000080700000, 0x0000000080700000|100%| O|  |TAMS 0x0000000080700000, 0x0000000080600000| Untracked 
|   7|0x0000000080700000, 0x0000000080800000, 0x0000000080800000|100%| O|  |TAMS 0x0000000080800000, 0x0000000080700000| Untracked 
|   8|0x0000000080800000, 0x0000000080900000, 0x0000000080900000|100%| O|  |TAMS 0x0000000080900000, 0x0000000080800000| Untracked 
|   9|0x0000000080900000, 0x0000000080a00000, 0x0000000080a00000|100%| O|  |TAMS 0x0000000080a00000, 0x0000000080900000| Untracked 
|  10|0x0000000080a00000, 0x0000000080b00000, 0x0000000080b00000|100%| O|  |TAMS 0x0000000080b00000, 0x0000000080a00000| Untracked 
|  11|0x0000000080b00000, 0x0000000080c00000, 0x0000000080c00000|100%| O|  |TAMS 0x0000000080c00000, 0x0000000080b00000| Untracked 
|  12|0x0000000080c00000, 0x0000000080d00000, 0x0000000080d00000|100%| O|  |TAMS 0x0000000080d00000, 0x0000000080c00000| Untracked 
|  13|0x0000000080d00000, 0x0000000080e00000, 0x0000000080e00000|100%| O|  |TAMS 0x0000000080e00000, 0x0000000080d00000| Untracked 
|  14|0x0000000080e00000, 0x0000000080f00000, 0x0000000080f00000|100%| O|  |TAMS 0x0000000080f00000, 0x0000000080e00000| Untracked 
|  15|0x0000000080f00000, 0x0000000081000000, 0x0000000081000000|100%| O|  |TAMS 0x0000000081000000, 0x0000000080f00000| Untracked 
|  16|0x0000000081000000, 0x0000000081100000, 0x0000000081100000|100%|HS|  |TAMS 0x0000000081100000, 0x0000000081000000| Complete 
|  17|0x0000000081100000, 0x0000000081200000, 0x0000000081200000|100%| O|  |TAMS 0x0000000081200000, 0x0000000081100000| Untracked 
|  18|0x0000000081200000, 0x0000000081300000, 0x0000000081300000|100%| O|  |TAMS 0x0000000081300000, 0x0000000081200000| Untracked 
|  19|0x0000000081300000, 0x0000000081400000, 0x0000000081400000|100%| O|  |TAMS 0x0000000081400000, 0x0000000081300000| Untracked 
|  20|0x0000000081400000, 0x0000000081500000, 0x0000000081500000|100%| O|  |TAMS 0x0000000081500000, 0x0000000081400000| Untracked 
|  21|0x0000000081500000, 0x0000000081600000, 0x0000000081600000|100%| O|  |TAMS 0x0000000081600000, 0x0000000081500000| Untracked 
|  22|0x0000000081600000, 0x0000000081700000, 0x0000000081700000|100%| O|  |TAMS 0x0000000081700000, 0x0000000081600000| Untracked 
|  23|0x0000000081700000, 0x0000000081800000, 0x0000000081800000|100%|HS|  |TAMS 0x0000000081800000, 0x0000000081700000| Complete 
|  24|0x0000000081800000, 0x0000000081900000, 0x0000000081900000|100%| O|  |TAMS 0x0000000081900000, 0x0000000081800000| Untracked 
|  25|0x0000000081900000, 0x0000000081a00000, 0x0000000081a00000|100%|HS|  |TAMS 0x0000000081a00000, 0x0000000081900000| Complete 
|  26|0x0000000081a00000, 0x0000000081b00000, 0x0000000081b00000|100%|HC|  |TAMS 0x0000000081b00000, 0x0000000081a00000| Complete 
|  27|0x0000000081b00000, 0x0000000081c00000, 0x0000000081c00000|100%| O|  |TAMS 0x0000000081c00000, 0x0000000081b00000| Untracked 
|  28|0x0000000081c00000, 0x0000000081d00000, 0x0000000081d00000|100%| O|  |TAMS 0x0000000081d00000, 0x0000000081c00000| Untracked 
|  29|0x0000000081d00000, 0x0000000081e00000, 0x0000000081e00000|100%| O|  |TAMS 0x0000000081e00000, 0x0000000081d00000| Untracked 
|  30|0x0000000081e00000, 0x0000000081f00000, 0x0000000081f00000|100%| O|  |TAMS 0x0000000081f00000, 0x0000000081e00000| Untracked 
|  31|0x0000000081f00000, 0x0000000082000000, 0x0000000082000000|100%| O|  |TAMS 0x0000000082000000, 0x0000000081f00000| Untracked 
|  32|0x0000000082000000, 0x0000000082100000, 0x0000000082100000|100%| O|  |TAMS 0x0000000082100000, 0x0000000082000000| Untracked 
|  33|0x0000000082100000, 0x0000000082200000, 0x0000000082200000|100%| O|  |TAMS 0x0000000082200000, 0x0000000082100000| Untracked 
|  34|0x0000000082200000, 0x0000000082300000, 0x0000000082300000|100%| O|  |TAMS 0x0000000082300000, 0x0000000082200000| Untracked 
|  35|0x0000000082300000, 0x0000000082400000, 0x0000000082400000|100%| O|  |TAMS 0x0000000082400000, 0x0000000082300000| Untracked 
|  36|0x0000000082400000, 0x0000000082500000, 0x0000000082500000|100%| O|  |TAMS 0x0000000082500000, 0x0000000082400000| Untracked 
|  37|0x0000000082500000, 0x0000000082600000, 0x0000000082600000|100%| O|  |TAMS 0x0000000082600000, 0x0000000082500000| Untracked 
|  38|0x0000000082600000, 0x0000000082700000, 0x0000000082700000|100%| O|  |TAMS 0x0000000082700000, 0x0000000082600000| Untracked 
|  39|0x0000000082700000, 0x0000000082800000, 0x0000000082800000|100%| O|  |TAMS 0x0000000082800000, 0x0000000082700000| Untracked 
|  40|0x0000000082800000, 0x0000000082900000, 0x0000000082900000|100%| O|  |TAMS 0x0000000082900000, 0x0000000082800000| Untracked 
|  41|0x0000000082900000, 0x0000000082a00000, 0x0000000082a00000|100%| O|  |TAMS 0x0000000082a00000, 0x0000000082900000| Untracked 
|  42|0x0000000082a00000, 0x0000000082b00000, 0x0000000082b00000|100%| O|  |TAMS 0x0000000082b00000, 0x0000000082a00000| Untracked 
|  43|0x0000000082b00000, 0x0000000082c00000, 0x0000000082c00000|100%| O|  |TAMS 0x0000000082c00000, 0x0000000082b00000| Untracked 
|  44|0x0000000082c00000, 0x0000000082d00000, 0x0000000082d00000|100%| O|  |TAMS 0x0000000082d00000, 0x0000000082c00000| Untracked 
|  45|0x0000000082d00000, 0x0000000082e00000, 0x0000000082e00000|100%| O|  |TAMS 0x0000000082e00000, 0x0000000082d00000| Untracked 
|  46|0x0000000082e00000, 0x0000000082f00000, 0x0000000082f00000|100%| O|  |TAMS 0x0000000082f00000, 0x0000000082e00000| Untracked 
|  47|0x0000000082f00000, 0x0000000083000000, 0x0000000083000000|100%| O|  |TAMS 0x0000000083000000, 0x0000000082f00000| Untracked 
|  48|0x0000000083000000, 0x0000000083100000, 0x0000000083100000|100%| O|  |TAMS 0x0000000083100000, 0x0000000083000000| Untracked 
|  49|0x0000000083100000, 0x0000000083200000, 0x0000000083200000|100%| O|  |TAMS 0x0000000083200000, 0x0000000083100000| Untracked 
|  50|0x0000000083200000, 0x0000000083300000, 0x0000000083300000|100%| O|  |TAMS 0x0000000083300000, 0x0000000083200000| Untracked 
|  51|0x0000000083300000, 0x0000000083400000, 0x0000000083400000|100%| O|  |TAMS 0x0000000083400000, 0x0000000083300000| Untracked 
|  52|0x0000000083400000, 0x0000000083500000, 0x0000000083500000|100%| O|  |TAMS 0x0000000083500000, 0x0000000083400000| Untracked 
|  53|0x0000000083500000, 0x0000000083600000, 0x0000000083600000|100%| O|  |TAMS 0x0000000083600000, 0x0000000083500000| Untracked 
|  54|0x0000000083600000, 0x0000000083700000, 0x0000000083700000|100%| O|  |TAMS 0x0000000083700000, 0x0000000083600000| Untracked 
|  55|0x0000000083700000, 0x0000000083800000, 0x0000000083800000|100%| O|  |TAMS 0x0000000083800000, 0x0000000083700000| Untracked 
|  56|0x0000000083800000, 0x0000000083900000, 0x0000000083900000|100%| O|  |TAMS 0x0000000083900000, 0x0000000083800000| Untracked 
|  57|0x0000000083900000, 0x0000000083a00000, 0x0000000083a00000|100%| O|  |TAMS 0x0000000083a00000, 0x0000000083900000| Untracked 
|  58|0x0000000083a00000, 0x0000000083b00000, 0x0000000083b00000|100%| O|  |TAMS 0x0000000083b00000, 0x0000000083a00000| Untracked 
|  59|0x0000000083b00000, 0x0000000083c00000, 0x0000000083c00000|100%| O|  |TAMS 0x0000000083c00000, 0x0000000083b00000| Untracked 
|  60|0x0000000083c00000, 0x0000000083d00000, 0x0000000083d00000|100%| O|  |TAMS 0x0000000083d00000, 0x0000000083c00000| Untracked 
|  61|0x0000000083d00000, 0x0000000083d24200, 0x0000000083e00000| 14%| O|  |TAMS 0x0000000083d24200, 0x0000000083d00000| Untracked 
|  62|0x0000000083e00000, 0x0000000083e00000, 0x0000000083f00000|  0%| F|  |TAMS 0x0000000083e00000, 0x0000000083e00000| Untracked 
|  63|0x0000000083f00000, 0x0000000083f00000, 0x0000000084000000|  0%| F|  |TAMS 0x0000000083f00000, 0x0000000083f00000| Untracked 
|  64|0x0000000084000000, 0x0000000084000000, 0x0000000084100000|  0%| F|  |TAMS 0x0000000084000000, 0x0000000084000000| Untracked 
|  65|0x0000000084100000, 0x0000000084100000, 0x0000000084200000|  0%| F|  |TAMS 0x0000000084100000, 0x0000000084100000| Untracked 
|  66|0x0000000084200000, 0x0000000084200000, 0x0000000084300000|  0%| F|  |TAMS 0x0000000084200000, 0x0000000084200000| Untracked 
|  67|0x0000000084300000, 0x0000000084300000, 0x0000000084400000|  0%| F|  |TAMS 0x0000000084300000, 0x0000000084300000| Untracked 
|  68|0x0000000084400000, 0x0000000084400000, 0x0000000084500000|  0%| F|  |TAMS 0x0000000084400000, 0x0000000084400000| Untracked 
|  69|0x0000000084500000, 0x0000000084500000, 0x0000000084600000|  0%| F|  |TAMS 0x0000000084500000, 0x0000000084500000| Untracked 
|  70|0x0000000084600000, 0x0000000084600000, 0x0000000084700000|  0%| F|  |TAMS 0x0000000084600000, 0x0000000084600000| Untracked 
|  71|0x0000000084700000, 0x0000000084700000, 0x0000000084800000|  0%| F|  |TAMS 0x0000000084700000, 0x0000000084700000| Untracked 
|  72|0x0000000084800000, 0x0000000084800000, 0x0000000084900000|  0%| F|  |TAMS 0x0000000084800000, 0x0000000084800000| Untracked 
|  73|0x0000000084900000, 0x0000000084900000, 0x0000000084a00000|  0%| F|  |TAMS 0x0000000084900000, 0x0000000084900000| Untracked 
|  74|0x0000000084a00000, 0x0000000084a00000, 0x0000000084b00000|  0%| F|  |TAMS 0x0000000084a00000, 0x0000000084a00000| Untracked 
|  75|0x0000000084b00000, 0x0000000084b00000, 0x0000000084c00000|  0%| F|  |TAMS 0x0000000084b00000, 0x0000000084b00000| Untracked 
|  76|0x0000000084c00000, 0x0000000084d00000, 0x0000000084d00000|100%| S|CS|TAMS 0x0000000084c00000, 0x0000000084c00000| Complete 
|  77|0x0000000084d00000, 0x0000000084e00000, 0x0000000084e00000|100%| S|CS|TAMS 0x0000000084d00000, 0x0000000084d00000| Complete 
|  78|0x0000000084e00000, 0x0000000084e00000, 0x0000000084f00000|  0%| F|  |TAMS 0x0000000084e00000, 0x0000000084e00000| Untracked 
|  79|0x0000000084f00000, 0x0000000084f00000, 0x0000000085000000|  0%| F|  |TAMS 0x0000000084f00000, 0x0000000084f00000| Untracked 
|  80|0x0000000085000000, 0x0000000085100000, 0x0000000085100000|100%| S|CS|TAMS 0x0000000085000000, 0x0000000085000000| Complete 
|  81|0x0000000085100000, 0x0000000085200000, 0x0000000085200000|100%| S|CS|TAMS 0x0000000085100000, 0x0000000085100000| Complete 
|  82|0x0000000085200000, 0x0000000085200000, 0x0000000085300000|  0%| F|  |TAMS 0x0000000085200000, 0x0000000085200000| Untracked 
|  83|0x0000000085300000, 0x0000000085300000, 0x0000000085400000|  0%| F|  |TAMS 0x0000000085300000, 0x0000000085300000| Untracked 
|  84|0x0000000085400000, 0x0000000085500000, 0x0000000085500000|100%| S|CS|TAMS 0x0000000085400000, 0x0000000085400000| Complete 
|  85|0x0000000085500000, 0x0000000085600000, 0x0000000085600000|100%| S|CS|TAMS 0x0000000085500000, 0x0000000085500000| Complete 
|  86|0x0000000085600000, 0x0000000085600000, 0x0000000085700000|  0%| F|  |TAMS 0x0000000085600000, 0x0000000085600000| Untracked 
|  87|0x0000000085700000, 0x0000000085700000, 0x0000000085800000|  0%| F|  |TAMS 0x0000000085700000, 0x0000000085700000| Untracked 
|  88|0x0000000085800000, 0x0000000085800000, 0x0000000085900000|  0%| F|  |TAMS 0x0000000085800000, 0x0000000085800000| Untracked 
|  89|0x0000000085900000, 0x0000000085900000, 0x0000000085a00000|  0%| F|  |TAMS 0x0000000085900000, 0x0000000085900000| Untracked 
|  90|0x0000000085a00000, 0x0000000085a00000, 0x0000000085b00000|  0%| F|  |TAMS 0x0000000085a00000, 0x0000000085a00000| Untracked 
|  91|0x0000000085b00000, 0x0000000085b00000, 0x0000000085c00000|  0%| F|  |TAMS 0x0000000085b00000, 0x0000000085b00000| Untracked 
|  92|0x0000000085c00000, 0x0000000085c00000, 0x0000000085d00000|  0%| F|  |TAMS 0x0000000085c00000, 0x0000000085c00000| Untracked 
|  93|0x0000000085d00000, 0x0000000085d00000, 0x0000000085e00000|  0%| F|  |TAMS 0x0000000085d00000, 0x0000000085d00000| Untracked 
|  94|0x0000000085e00000, 0x0000000085e00000, 0x0000000085f00000|  0%| F|  |TAMS 0x0000000085e00000, 0x0000000085e00000| Untracked 
|  95|0x0000000085f00000, 0x0000000085f00000, 0x0000000086000000|  0%| F|  |TAMS 0x0000000085f00000, 0x0000000085f00000| Untracked 
|  96|0x0000000086000000, 0x0000000086000000, 0x0000000086100000|  0%| F|  |TAMS 0x0000000086000000, 0x0000000086000000| Untracked 
|  97|0x0000000086100000, 0x0000000086100000, 0x0000000086200000|  0%| F|  |TAMS 0x0000000086100000, 0x0000000086100000| Untracked 
|  98|0x0000000086200000, 0x0000000086200000, 0x0000000086300000|  0%| F|  |TAMS 0x0000000086200000, 0x0000000086200000| Untracked 
|  99|0x0000000086300000, 0x0000000086300000, 0x0000000086400000|  0%| F|  |TAMS 0x0000000086300000, 0x0000000086300000| Untracked 
| 100|0x0000000086400000, 0x0000000086400000, 0x0000000086500000|  0%| F|  |TAMS 0x0000000086400000, 0x0000000086400000| Untracked 
| 101|0x0000000086500000, 0x0000000086500000, 0x0000000086600000|  0%| F|  |TAMS 0x0000000086500000, 0x0000000086500000| Untracked 
| 102|0x0000000086600000, 0x0000000086600000, 0x0000000086700000|  0%| F|  |TAMS 0x0000000086600000, 0x0000000086600000| Untracked 
| 103|0x0000000086700000, 0x0000000086700000, 0x0000000086800000|  0%| F|  |TAMS 0x0000000086700000, 0x0000000086700000| Untracked 
| 104|0x0000000086800000, 0x0000000086800000, 0x0000000086900000|  0%| F|  |TAMS 0x0000000086800000, 0x0000000086800000| Untracked 
| 105|0x0000000086900000, 0x0000000086900000, 0x0000000086a00000|  0%| F|  |TAMS 0x0000000086900000, 0x0000000086900000| Untracked 
| 106|0x0000000086a00000, 0x0000000086a00000, 0x0000000086b00000|  0%| F|  |TAMS 0x0000000086a00000, 0x0000000086a00000| Untracked 
| 107|0x0000000086b00000, 0x0000000086b00000, 0x0000000086c00000|  0%| F|  |TAMS 0x0000000086b00000, 0x0000000086b00000| Untracked 
| 108|0x0000000086c00000, 0x0000000086c00000, 0x0000000086d00000|  0%| F|  |TAMS 0x0000000086c00000, 0x0000000086c00000| Untracked 
| 109|0x0000000086d00000, 0x0000000086d00000, 0x0000000086e00000|  0%| F|  |TAMS 0x0000000086d00000, 0x0000000086d00000| Untracked 
| 110|0x0000000086e00000, 0x0000000086e6bc30, 0x0000000086f00000| 42%| E|  |TAMS 0x0000000086e00000, 0x0000000086e00000| Complete 
| 111|0x0000000086f00000, 0x0000000087000000, 0x0000000087000000|100%| E|  |TAMS 0x0000000086f00000, 0x0000000086f00000| Complete 
| 112|0x0000000087000000, 0x0000000087100000, 0x0000000087100000|100%| E|CS|TAMS 0x0000000087000000, 0x0000000087000000| Complete 
| 113|0x0000000087100000, 0x0000000087200000, 0x0000000087200000|100%| E|CS|TAMS 0x0000000087100000, 0x0000000087100000| Complete 
| 114|0x0000000087200000, 0x0000000087300000, 0x0000000087300000|100%| E|CS|TAMS 0x0000000087200000, 0x0000000087200000| Complete 
| 115|0x0000000087300000, 0x0000000087400000, 0x0000000087400000|100%| E|CS|TAMS 0x0000000087300000, 0x0000000087300000| Complete 
| 116|0x0000000087400000, 0x0000000087500000, 0x0000000087500000|100%| E|CS|TAMS 0x0000000087400000, 0x0000000087400000| Complete 
| 117|0x0000000087500000, 0x0000000087600000, 0x0000000087600000|100%| E|CS|TAMS 0x0000000087500000, 0x0000000087500000| Complete 
| 118|0x0000000087600000, 0x0000000087700000, 0x0000000087700000|100%| E|CS|TAMS 0x0000000087600000, 0x0000000087600000| Complete 
| 119|0x0000000087700000, 0x0000000087800000, 0x0000000087800000|100%| E|CS|TAMS 0x0000000087700000, 0x0000000087700000| Complete 
| 120|0x0000000087800000, 0x0000000087900000, 0x0000000087900000|100%| E|CS|TAMS 0x0000000087800000, 0x0000000087800000| Complete 
| 121|0x0000000087900000, 0x0000000087a00000, 0x0000000087a00000|100%| E|CS|TAMS 0x0000000087900000, 0x0000000087900000| Complete 
| 122|0x0000000087a00000, 0x0000000087b00000, 0x0000000087b00000|100%| E|CS|TAMS 0x0000000087a00000, 0x0000000087a00000| Complete 
| 123|0x0000000087b00000, 0x0000000087c00000, 0x0000000087c00000|100%| E|CS|TAMS 0x0000000087b00000, 0x0000000087b00000| Complete 
| 124|0x0000000087c00000, 0x0000000087d00000, 0x0000000087d00000|100%| E|CS|TAMS 0x0000000087c00000, 0x0000000087c00000| Complete 
| 125|0x0000000087d00000, 0x0000000087e00000, 0x0000000087e00000|100%| E|CS|TAMS 0x0000000087d00000, 0x0000000087d00000| Complete 

Card table byte_map: [0x00000297a5360000,0x00000297a5760000] _byte_map_base: 0x00000297a4f60000

Marking Bits (Prev, Next): (CMBitMap*) 0x000002979215adb8, (CMBitMap*) 0x000002979215adf0
 Prev Bits: [0x00000297a5b60000, 0x00000297a7b60000)
 Next Bits: [0x00000297a7b60000, 0x00000297a9b60000)

Polling page: 0x00000297918f0000

Metaspace:

Usage:
  Non-class:     71.54 MB capacity,    70.32 MB ( 98%) used,  1011.21 KB (  1%) free+waste,   238.44 KB ( <1%) overhead. 
      Class:     11.32 MB capacity,    10.53 MB ( 93%) used,   689.41 KB (  6%) free+waste,   110.25 KB ( <1%) overhead. 
       Both:     82.85 MB capacity,    80.85 MB ( 98%) used,     1.66 MB (  2%) free+waste,   348.69 KB ( <1%) overhead. 

Virtual space:
  Non-class space:       72.00 MB reserved,      71.67 MB (>99%) committed 
      Class space:        1.00 GB reserved,      11.45 MB (  1%) committed 
             Both:        1.07 GB reserved,      83.12 MB (  8%) committed 

Chunk freelists:
   Non-Class:  11.00 KB
       Class:  29.00 KB
        Both:  40.00 KB

MaxMetaspaceSize: 17179869184.00 GB
CompressedClassSpaceSize: 1.00 GB
Initial GC threshold: 20.80 MB
Current GC threshold: 137.08 MB
CDS: off

CodeHeap 'non-profiled nmethods': size=120000Kb used=4927Kb max_used=4927Kb free=115072Kb
 bounds [0x000002979d700000, 0x000002979dbd0000, 0x00000297a4c30000]
CodeHeap 'profiled nmethods': size=120000Kb used=19221Kb max_used=19221Kb free=100778Kb
 bounds [0x00000297961d0000, 0x00000297974a0000, 0x000002979d700000]
CodeHeap 'non-nmethods': size=5760Kb used=2362Kb max_used=2409Kb free=3398Kb
 bounds [0x0000029795c30000, 0x0000029795ea0000, 0x00000297961d0000]
 total_blobs=9887 nmethods=9005 adapters=794
 compilation: enabled
              stopped_count=0, restarted_count=0
 full_count=0

Compilation events (20 events):
Event: 93.057 Thread 0x00000297aceb1000 nmethod 9083 0x000002979dbcf290 code [0x000002979dbcf440, 0x000002979dbcf4f8]
Event: 93.057 Thread 0x00000297aceb1000 9084       1       org.gradle.api.internal.artifacts.ivyservice.resolveengine.artifact.ArtifactBackedResolvedVariant::getIdentifier (5 bytes)
Event: 93.057 Thread 0x00000297aceb1000 nmethod 9084 0x000002979dbcf590 code [0x000002979dbcf740, 0x000002979dbcf7f8]
Event: 93.057 Thread 0x00000297aceb1000 9085       3       org.gradle.api.internal.artifacts.transform.TransformationChain::requiresDependencies (30 bytes)
Event: 93.057 Thread 0x00000297aceb1000 nmethod 9085 0x000002979748a290 code [0x000002979748a460, 0x000002979748a778]
Event: 93.057 Thread 0x00000297aceb1000 9086       3       org.gradle.api.internal.artifacts.transform.DefaultTransformedVariantFactory$VariantKey::hashCode (16 bytes)
Event: 93.058 Thread 0x00000297aceb1000 nmethod 9086 0x000002979748a890 code [0x000002979748aa60, 0x000002979748acf8]
Event: 93.058 Thread 0x00000297aceb1000 9087       3       org.gradle.api.internal.artifacts.transform.ConsumerProvidedVariantFinder::collectConsumerVariants (28 bytes)
Event: 93.058 Thread 0x00000297aceb1000 nmethod 9087 0x000002979748ae10 code [0x000002979748b040, 0x000002979748b8b8]
Event: 93.058 Thread 0x00000297aceb1000 9088       3       org.gradle.api.internal.artifacts.transform.ConsumerProvidedVariantFinder$$Lambda$933/0x0000000100b0bc40::get$Lambda (11 bytes)
Event: 93.058 Thread 0x00000297aceb1000 nmethod 9088 0x000002979748bb90 code [0x000002979748bd60, 0x000002979748c078]
Event: 93.059 Thread 0x00000297aceb1000 9090       3       org.gradle.api.internal.tasks.properties.bean.AbstractNestedRuntimeBeanNode$BeanPropertyValue::call (10 bytes)
Event: 93.059 Thread 0x00000297aceb1000 nmethod 9090 0x000002979748c190 code [0x000002979748c340, 0x000002979748c508]
Event: 93.059 Thread 0x00000297aceb1000 9089   !   3       org.gradle.api.internal.artifacts.ivyservice.ResolvedFilesCollectingVisitor::visitArtifact (39 bytes)
Event: 93.059 Thread 0x00000297aceb1000 nmethod 9089 0x000002979748c610 code [0x000002979748c800, 0x000002979748cba8]
Event: 93.654 Thread 0x00000297aceb1000 9091       3       java.util.concurrent.ThreadPoolExecutor::beforeExecute (1 bytes)
Event: 93.654 Thread 0x00000297aceb1000 nmethod 9091 0x000002979748cd90 code [0x000002979748cf40, 0x000002979748d038]
Event: 93.654 Thread 0x00000297aceb1000 9092   !   3       org.gradle.internal.concurrent.ManagedExecutorImpl$1::run (57 bytes)
Event: 93.654 Thread 0x00000297acead000 9093       4       javax.management.ObjectName::construct (1135 bytes)
Event: 93.657 Thread 0x00000297aceb1000 nmethod 9092 0x000002979748d110 code [0x000002979748d560, 0x000002979748f1f8]

GC Heap History (20 events):
Event: 57.980 GC heap before
{Heap before GC invocations=9 (full 0):
 garbage-first heap   total 129024K, used 100625K [0x0000000080000000, 0x0000000100000000)
  region size 1024K, 73 young (74752K), 8 survivors (8192K)
 Metaspace       used 48911K, capacity 50191K, committed 50428K, reserved 1093632K
  class space    used 6184K, capacity 6669K, committed 6732K, reserved 1048576K
}
Event: 58.009 GC heap after
{Heap after GC invocations=10 (full 0):
 garbage-first heap   total 129024K, used 41988K [0x0000000080000000, 0x0000000100000000)
  region size 1024K, 10 young (10240K), 10 survivors (10240K)
 Metaspace       used 48911K, capacity 50191K, committed 50428K, reserved 1093632K
  class space    used 6184K, capacity 6669K, committed 6732K, reserved 1048576K
}
Event: 60.334 GC heap before
{Heap before GC invocations=10 (full 0):
 garbage-first heap   total 129024K, used 97284K [0x0000000080000000, 0x0000000100000000)
  region size 1024K, 64 young (65536K), 10 survivors (10240K)
 Metaspace       used 56607K, capacity 58007K, committed 58364K, reserved 1099776K
  class space    used 7112K, capacity 7650K, committed 7756K, reserved 1048576K
}
Event: 60.343 GC heap after
{Heap after GC invocations=11 (full 0):
 garbage-first heap   total 129024K, used 45393K [0x0000000080000000, 0x0000000100000000)
  region size 1024K, 3 young (3072K), 3 survivors (3072K)
 Metaspace       used 56607K, capacity 58007K, committed 58364K, reserved 1099776K
  class space    used 7112K, capacity 7650K, committed 7756K, reserved 1048576K
}
Event: 60.777 GC heap before
{Heap before GC invocations=11 (full 0):
 garbage-first heap   total 129024K, used 55633K [0x0000000080000000, 0x0000000100000000)
  region size 1024K, 14 young (14336K), 3 survivors (3072K)
 Metaspace       used 58428K, capacity 59800K, committed 59900K, reserved 1101824K
  class space    used 7369K, capacity 7928K, committed 8012K, reserved 1048576K
}
Event: 60.785 GC heap after
{Heap after GC invocations=12 (full 0):
 garbage-first heap   total 129024K, used 45656K [0x0000000080000000, 0x0000000100000000)
  region size 1024K, 3 young (3072K), 3 survivors (3072K)
 Metaspace       used 58428K, capacity 59800K, committed 59900K, reserved 1101824K
  class space    used 7369K, capacity 7928K, committed 8012K, reserved 1048576K
}
Event: 61.908 GC heap before
{Heap before GC invocations=13 (full 0):
 garbage-first heap   total 129024K, used 108120K [0x0000000080000000, 0x0000000100000000)
  region size 1024K, 57 young (58368K), 3 survivors (3072K)
 Metaspace       used 62903K, capacity 64321K, committed 64508K, reserved 1105920K
  class space    used 7918K, capacity 8467K, committed 8524K, reserved 1048576K
}
Event: 61.915 GC heap after
{Heap after GC invocations=14 (full 0):
 garbage-first heap   total 129024K, used 50297K [0x0000000080000000, 0x0000000100000000)
  region size 1024K, 8 young (8192K), 8 survivors (8192K)
 Metaspace       used 62903K, capacity 64321K, committed 64508K, reserved 1105920K
  class space    used 7918K, capacity 8467K, committed 8524K, reserved 1048576K
}
Event: 62.894 GC heap before
{Heap before GC invocations=14 (full 0):
 garbage-first heap   total 129024K, used 102521K [0x0000000080000000, 0x0000000100000000)
  region size 1024K, 58 young (59392K), 8 survivors (8192K)
 Metaspace       used 65150K, capacity 66581K, committed 66684K, reserved 1107968K
  class space    used 8237K, capacity 8805K, committed 8908K, reserved 1048576K
}
Event: 62.902 GC heap after
{Heap after GC invocations=15 (full 0):
 garbage-first heap   total 129024K, used 54138K [0x0000000080000000, 0x0000000100000000)
  region size 1024K, 4 young (4096K), 4 survivors (4096K)
 Metaspace       used 65150K, capacity 66581K, committed 66684K, reserved 1107968K
  class space    used 8237K, capacity 8805K, committed 8908K, reserved 1048576K
}
Event: 63.692 GC heap before
{Heap before GC invocations=15 (full 0):
 garbage-first heap   total 129024K, used 103290K [0x0000000080000000, 0x0000000100000000)
  region size 1024K, 52 young (53248K), 4 survivors (4096K)
 Metaspace       used 69064K, capacity 70595K, committed 70908K, reserved 1110016K
  class space    used 8878K, capacity 9482K, committed 9548K, reserved 1048576K
}
Event: 63.698 GC heap after
{Heap after GC invocations=16 (full 0):
 garbage-first heap   total 129024K, used 56907K [0x0000000080000000, 0x0000000100000000)
  region size 1024K, 7 young (7168K), 7 survivors (7168K)
 Metaspace       used 69064K, capacity 70595K, committed 70908K, reserved 1110016K
  class space    used 8878K, capacity 9482K, committed 9548K, reserved 1048576K
}
Event: 64.709 GC heap before
{Heap before GC invocations=16 (full 0):
 garbage-first heap   total 129024K, used 104011K [0x0000000080000000, 0x0000000100000000)
  region size 1024K, 53 young (54272K), 7 survivors (7168K)
 Metaspace       used 73166K, capacity 74789K, committed 74876K, reserved 1114112K
  class space    used 9473K, capacity 10110K, committed 10188K, reserved 1048576K
}
Event: 64.718 GC heap after
{Heap after GC invocations=17 (full 0):
 garbage-first heap   total 129024K, used 60025K [0x0000000080000000, 0x0000000100000000)
  region size 1024K, 7 young (7168K), 7 survivors (7168K)
 Metaspace       used 73166K, capacity 74789K, committed 74876K, reserved 1114112K
  class space    used 9473K, capacity 10110K, committed 10188K, reserved 1048576K
}
Event: 67.974 GC heap before
{Heap before GC invocations=17 (full 0):
 garbage-first heap   total 129024K, used 105081K [0x0000000080000000, 0x0000000100000000)
  region size 1024K, 51 young (52224K), 7 survivors (7168K)
 Metaspace       used 78211K, capacity 79999K, committed 80252K, reserved 1118208K
  class space    used 10158K, capacity 10831K, committed 10956K, reserved 1048576K
}
Event: 67.988 GC heap after
{Heap after GC invocations=18 (full 0):
 garbage-first heap   total 129024K, used 62900K [0x0000000080000000, 0x0000000100000000)
  region size 1024K, 6 young (6144K), 6 survivors (6144K)
 Metaspace       used 78211K, capacity 79999K, committed 80252K, reserved 1118208K
  class space    used 10158K, capacity 10831K, committed 10956K, reserved 1048576K
}
Event: 76.755 GC heap before
{Heap before GC invocations=18 (full 0):
 garbage-first heap   total 129024K, used 104884K [0x0000000080000000, 0x0000000100000000)
  region size 1024K, 48 young (49152K), 6 survivors (6144K)
 Metaspace       used 81424K, capacity 83427K, committed 83580K, reserved 1122304K
  class space    used 10684K, capacity 11466K, committed 11468K, reserved 1048576K
}
Event: 76.786 GC heap after
{Heap after GC invocations=19 (full 0):
 garbage-first heap   total 129024K, used 65774K [0x0000000080000000, 0x0000000100000000)
  region size 1024K, 6 young (6144K), 6 survivors (6144K)
 Metaspace       used 81424K, capacity 83427K, committed 83580K, reserved 1122304K
  class space    used 10684K, capacity 11466K, committed 11468K, reserved 1048576K
}
Event: 90.580 GC heap before
{Heap before GC invocations=19 (full 0):
 garbage-first heap   total 129024K, used 105710K [0x0000000080000000, 0x0000000100000000)
  region size 1024K, 46 young (47104K), 6 survivors (6144K)
 Metaspace       used 81878K, capacity 83900K, committed 84220K, reserved 1122304K
  class space    used 10704K, capacity 11487K, committed 11596K, reserved 1048576K
}
Event: 90.610 GC heap after
{Heap after GC invocations=20 (full 0):
 garbage-first heap   total 129024K, used 68752K [0x0000000080000000, 0x0000000100000000)
  region size 1024K, 6 young (6144K), 6 survivors (6144K)
 Metaspace       used 81878K, capacity 83900K, committed 84220K, reserved 1122304K
  class space    used 10704K, capacity 11487K, committed 11596K, reserved 1048576K
}

Deoptimization events (20 events):
Event: 83.275 Thread 0x00000297af4c4800 DEOPT PACKING pc=0x00000297973562b1 sp=0x000000ebab0fb820
Event: 83.275 Thread 0x00000297af4c4800 DEOPT UNPACKING pc=0x0000029795c7a95e sp=0x000000ebab0face8 mode 0
Event: 83.458 Thread 0x00000297ad227000 DEOPT PACKING pc=0x000002979718fac4 sp=0x000000ebaccfd3f0
Event: 83.458 Thread 0x00000297ad227000 DEOPT UNPACKING pc=0x0000029795c7a95e sp=0x000000ebaccfc990 mode 0
Event: 87.466 Thread 0x00000297af4be000 DEOPT PACKING pc=0x000002979718fac4 sp=0x000000ebaaffd670
Event: 87.466 Thread 0x00000297af4be000 DEOPT UNPACKING pc=0x0000029795c7a95e sp=0x000000ebaaffcc10 mode 0
Event: 88.613 Thread 0x00000297b0e0d800 DEOPT PACKING pc=0x000002979718fac4 sp=0x000000ebab7fdcb0
Event: 88.613 Thread 0x00000297b0e0d800 DEOPT UNPACKING pc=0x0000029795c7a95e sp=0x000000ebab7fd250 mode 0
Event: 90.168 Thread 0x00000297b368e800 Uncommon trap: trap_request=0xffffff4d fr.pc=0x000002979db69438 relative=0x0000000000000278
Event: 90.169 Thread 0x00000297b368e800 Uncommon trap: reason=unstable_if action=reinterpret pc=0x000002979db69438 method=org.gradle.internal.file.FileHierarchySet$Node.isChildOfOrThis(Ljava/lang/String;I)Z @ 72 c2
Event: 90.169 Thread 0x00000297b368e800 DEOPT PACKING pc=0x000002979db69438 sp=0x000000ebadcfce50
Event: 90.169 Thread 0x00000297b368e800 DEOPT UNPACKING pc=0x0000029795c7a1af sp=0x000000ebadcfcdb8 mode 2
Event: 91.727 Thread 0x00000297af0df000 Uncommon trap: trap_request=0xfffffff4 fr.pc=0x000002979dbbfa78 relative=0x00000000000000d8
Event: 91.727 Thread 0x00000297af4c0800 Uncommon trap: trap_request=0xfffffff4 fr.pc=0x000002979dbbfa78 relative=0x00000000000000d8
Event: 91.727 Thread 0x00000297af0df000 Uncommon trap: reason=null_check action=make_not_entrant pc=0x000002979dbbfa78 method=org.gradle.tooling.internal.provider.runner.ClientBuildEventGenerator$Disabled.accept(Lorg/gradle/internal/operations/BuildOperationDescriptor;)Lorg/gradle/tooling/inter
Event: 91.727 Thread 0x00000297af4c0800 Uncommon trap: reason=null_check action=make_not_entrant pc=0x000002979dbbfa78 method=org.gradle.tooling.internal.provider.runner.ClientBuildEventGenerator$Disabled.accept(Lorg/gradle/internal/operations/BuildOperationDescriptor;)Lorg/gradle/tooling/inter
Event: 91.727 Thread 0x00000297af0df000 DEOPT PACKING pc=0x000002979dbbfa78 sp=0x000000eba9afe140
Event: 91.727 Thread 0x00000297af0df000 DEOPT UNPACKING pc=0x0000029795c7a1af sp=0x000000eba9afe0c8 mode 2
Event: 91.727 Thread 0x00000297af4c0800 DEOPT PACKING pc=0x000002979dbbfa78 sp=0x000000ebab3fe450
Event: 91.727 Thread 0x00000297af4c0800 DEOPT UNPACKING pc=0x0000029795c7a1af sp=0x000000ebab3fe3d8 mode 2

Classes redefined (0 events):
No events

Internal exceptions (20 events):
Event: 69.606 Thread 0x00000297b368e800 Exception <a 'java/lang/IncompatibleClassChangeError'{0x000000008699cdc8}: Found class java.lang.Object, but interface was expected> (0x000000008699cdc8) thrown at [./src/hotspot/share/interpreter/linkResolver.cpp, line 839]
Event: 69.721 Thread 0x00000297b368e800 Exception <a 'java/lang/NoSuchMethodError'{0x00000000867effe8}: 'int java.lang.invoke.DirectMethodHandle$Holder.invokeStaticInit(java.lang.Object, java.lang.Object, java.lang.Object, java.lang.Object, java.lang.Object)'> (0x00000000867effe8) thrown at [./src/hotspot/share/interpreter/linkResolver.cpp, line 773]
Event: 69.777 Thread 0x00000297af040000 Exception <a 'java/lang/NoSuchMethodError'{0x000000008655ac48}: <clinit>> (0x000000008655ac48) thrown at [./src/hotspot/share/prims/jni.cpp, line 1366]
Event: 69.782 Thread 0x00000297af040000 Exception <a 'java/lang/NoSuchMethodError'{0x00000000865afc10}: <clinit>> (0x00000000865afc10) thrown at [./src/hotspot/share/prims/jni.cpp, line 1366]
Event: 69.782 Thread 0x00000297af040000 Exception <a 'java/lang/NoSuchMethodError'{0x00000000865c4778}: <clinit>> (0x00000000865c4778) thrown at [./src/hotspot/share/prims/jni.cpp, line 1366]
Event: 69.822 Thread 0x00000297b368d800 Exception <a 'java/lang/NoSuchMethodError'{0x00000000863b2120}: <clinit>> (0x00000000863b2120) thrown at [./src/hotspot/share/prims/jni.cpp, line 1366]
Event: 69.826 Thread 0x00000297b368d800 Exception <a 'java/lang/NoSuchMethodError'{0x00000000863c6f30}: <clinit>> (0x00000000863c6f30) thrown at [./src/hotspot/share/prims/jni.cpp, line 1366]
Event: 69.831 Thread 0x00000297b368d800 Exception <a 'java/lang/NoSuchMethodError'{0x000000008621ff70}: <clinit>> (0x000000008621ff70) thrown at [./src/hotspot/share/prims/jni.cpp, line 1366]
Event: 69.836 Thread 0x00000297b368d800 Exception <a 'java/lang/NoSuchMethodError'{0x000000008622a1c0}: 'void java.lang.invoke.DirectMethodHandle$Holder.invokeSpecial(java.lang.Object, java.lang.Object, java.lang.Object, int)'> (0x000000008622a1c0) thrown at [./src/hotspot/share/interpreter/linkResolver.cpp, line 773]
Event: 69.845 Thread 0x00000297af040000 Exception <a 'java/lang/NoSuchMethodError'{0x00000000862c7968}: <clinit>> (0x00000000862c7968) thrown at [./src/hotspot/share/prims/jni.cpp, line 1366]
Event: 70.384 Thread 0x00000297b368e800 Exception <a 'java/lang/NoSuchMethodError'{0x000000008617fee0}: 'int java.lang.invoke.DirectMethodHandle$Holder.invokeSpecial(java.lang.Object, java.lang.Object, java.lang.Object, java.lang.Object, java.lang.Object)'> (0x000000008617fee0) thrown at [./src/hotspot/share/interpreter/linkResolver.cpp, line 773]
Event: 76.467 Thread 0x00000297b368e800 Exception <a 'java/lang/NoSuchMethodError'{0x0000000085935608}: 'void java.lang.invoke.DirectMethodHandle$Holder.invokeStatic(java.lang.Object, java.lang.Object, java.lang.Object, java.lang.Object, int, java.lang.Object, java.lang.Object)'> (0x0000000085935608) thrown at [./src/hotspot/share/interpreter/linkResolver.cpp, line 773]
Event: 76.526 Thread 0x00000297ade61800 Exception <a 'java/lang/NoSuchMethodError'{0x0000000085459010}: 'java.lang.Object java.lang.invoke.DirectMethodHandle$Holder.invokeSpecialIFC(java.lang.Object, java.lang.Object, java.lang.Object)'> (0x0000000085459010) thrown at [./src/hotspot/share/interpreter/linkResolver.cpp, line 773]
Event: 76.526 Thread 0x00000297ade65800 Exception <a 'java/lang/NoSuchMethodError'{0x00000000854417a8}: 'java.lang.Object java.lang.invoke.DirectMethodHandle$Holder.invokeSpecialIFC(java.lang.Object, java.lang.Object, java.lang.Object)'> (0x00000000854417a8) thrown at [./src/hotspot/share/interpreter/linkResolver.cpp, line 773]
Event: 76.526 Thread 0x00000297ade66800 Exception <a 'java/lang/NoSuchMethodError'{0x000000008543a030}: 'java.lang.Object java.lang.invoke.DirectMethodHandle$Holder.invokeSpecialIFC(java.lang.Object, java.lang.Object, java.lang.Object)'> (0x000000008543a030) thrown at [./src/hotspot/share/interpreter/linkResolver.cpp, line 773]
Event: 76.526 Thread 0x00000297b0e16800 Exception <a 'java/lang/NoSuchMethodError'{0x0000000085463ac8}: 'java.lang.Object java.lang.invoke.DirectMethodHandle$Holder.invokeSpecialIFC(java.lang.Object, java.lang.Object, java.lang.Object)'> (0x0000000085463ac8) thrown at [./src/hotspot/share/interpreter/linkResolver.cpp, line 773]
Event: 76.526 Thread 0x00000297ade63000 Exception <a 'java/lang/NoSuchMethodError'{0x000000008544dbd8}: 'java.lang.Object java.lang.invoke.DirectMethodHandle$Holder.invokeSpecialIFC(java.lang.Object, java.lang.Object, java.lang.Object)'> (0x000000008544dbd8) thrown at [./src/hotspot/share/interpreter/linkResolver.cpp, line 773]
Event: 82.612 Thread 0x00000297af4c0800 Exception <a 'java/lang/NoSuchMethodError'{0x00000000878210c0}: 'void java.lang.invoke.DirectMethodHandle$Holder.invokeVirtual(java.lang.Object, java.lang.Object)'> (0x00000000878210c0) thrown at [./src/hotspot/share/interpreter/linkResolver.cpp, line 773]
Event: 91.727 Thread 0x00000297af0df000 Implicit null exception at 0x000002979dbbf9db to 0x000002979dbbfa6c
Event: 91.727 Thread 0x00000297af4c0800 Implicit null exception at 0x000002979dbbf9db to 0x000002979dbbfa6c

Events (20 events):
Event: 92.014 Executing VM operation: RevokeBias
Event: 92.015 Executing VM operation: RevokeBias done
Event: 92.020 loading class org/gradle/api/internal/file/collections/ListBackedFileSet
Event: 92.020 loading class org/gradle/api/internal/file/collections/ListBackedFileSet done
Event: 93.018 loading class com/android/build/gradle/tasks/MergeResources$getFlags$1
Event: 93.018 loading class com/android/build/gradle/tasks/MergeResources$getFlags$1 done
Event: 93.055 loading class java/util/stream/SortedOps$SizedRefSortingSink
Event: 93.055 loading class java/util/stream/SortedOps$SizedRefSortingSink done
Event: 93.056 loading class org/gradle/internal/snapshot/FileSystemLocationSnapshot
Event: 93.056 loading class org/gradle/internal/snapshot/FileSystemLocationSnapshot done
Event: 93.056 loading class org/gradle/internal/fingerprint/impl/RelativePathFingerprintingStrategy
Event: 93.056 loading class org/gradle/internal/fingerprint/impl/RelativePathFingerprintingStrategy done
Event: 93.056 loading class org/gradle/internal/snapshot/ChildMap$Entry
Event: 93.056 loading class org/gradle/internal/snapshot/ChildMap$Entry done
Event: 93.056 loading class org/gradle/internal/snapshot/RelativePathTracker
Event: 93.056 loading class org/gradle/internal/snapshot/RelativePathTracker done
Event: 93.056 loading class org/gradle/internal/snapshot/FileSystemLocationSnapshot
Event: 93.056 loading class org/gradle/internal/snapshot/FileSystemLocationSnapshot done
Event: 93.056 loading class org/gradle/internal/snapshot/RelativePathTracker
Event: 93.056 loading class org/gradle/internal/snapshot/RelativePathTracker done


Dynamic libraries:
0x00007ff6be1f0000 - 0x00007ff6be1fa000 	E:\Android2021.3\AndroidStudio\jre\bin\java.exe
0x00007ff90de50000 - 0x00007ff90e064000 	C:\WINDOWS\SYSTEM32\ntdll.dll
0x00007ff90dd40000 - 0x00007ff90de03000 	C:\WINDOWS\System32\KERNEL32.DLL
0x00007ff90b520000 - 0x00007ff90b8bc000 	C:\WINDOWS\System32\KERNELBASE.dll
0x00007ff90ba00000 - 0x00007ff90bb11000 	C:\WINDOWS\System32\ucrtbase.dll
0x00007ff8eb690000 - 0x00007ff8eb6a9000 	E:\Android2021.3\AndroidStudio\jre\bin\jli.dll
0x00007ff90d420000 - 0x00007ff90d5cd000 	C:\WINDOWS\System32\USER32.dll
0x00007ff90bb20000 - 0x00007ff90bb46000 	C:\WINDOWS\System32\win32u.dll
0x00007ff8f8f90000 - 0x00007ff8f921e000 	C:\WINDOWS\WinSxS\amd64_microsoft.windows.common-controls_6595b64144ccf1df_6.0.22621.608_none_a9444ca7c10bb01d\COMCTL32.dll
0x00007ff90be40000 - 0x00007ff90bee7000 	C:\WINDOWS\System32\msvcrt.dll
0x00007ff90c600000 - 0x00007ff90c629000 	C:\WINDOWS\System32\GDI32.dll
0x00007ff90b290000 - 0x00007ff90b3a2000 	C:\WINDOWS\System32\gdi32full.dll
0x00007ff90bbc0000 - 0x00007ff90bc5a000 	C:\WINDOWS\System32\msvcp_win.dll
0x00007ff8e8d30000 - 0x00007ff8e8d47000 	E:\Android2021.3\AndroidStudio\jre\bin\VCRUNTIME140.dll
0x00007ff90d220000 - 0x00007ff90d252000 	C:\WINDOWS\System32\IMM32.DLL
0x00007ff8d28f0000 - 0x00007ff8d298d000 	E:\Android2021.3\AndroidStudio\jre\bin\msvcp140.dll
0x00007ff8cc0f0000 - 0x00007ff8ccbf2000 	E:\Android2021.3\AndroidStudio\jre\bin\server\jvm.dll
0x00007ff90bc60000 - 0x00007ff90bd0e000 	C:\WINDOWS\System32\ADVAPI32.dll
0x00007ff90bd90000 - 0x00007ff90be34000 	C:\WINDOWS\System32\sechost.dll
0x00007ff90d2c0000 - 0x00007ff90d3d5000 	C:\WINDOWS\System32\RPCRT4.dll
0x00007ff90d3f0000 - 0x00007ff90d3f8000 	C:\WINDOWS\System32\PSAPI.DLL
0x00007ff905010000 - 0x00007ff905044000 	C:\WINDOWS\SYSTEM32\WINMM.dll
0x00007ff905fa0000 - 0x00007ff905fa9000 	C:\WINDOWS\SYSTEM32\WSOCK32.dll
0x00007ff904fe0000 - 0x00007ff904fea000 	C:\WINDOWS\SYSTEM32\VERSION.dll
0x00007ff90bd10000 - 0x00007ff90bd81000 	C:\WINDOWS\System32\WS2_32.dll
0x00007ff90a2e0000 - 0x00007ff90a2f8000 	C:\WINDOWS\SYSTEM32\kernel.appcore.dll
0x00007ff8fcb70000 - 0x00007ff8fcb81000 	E:\Android2021.3\AndroidStudio\jre\bin\verify.dll
0x00007ff8fa2d0000 - 0x00007ff8fa4fe000 	C:\WINDOWS\SYSTEM32\DBGHELP.DLL
0x00007ff90d7f0000 - 0x00007ff90db7a000 	C:\WINDOWS\System32\combase.dll
0x00007ff90cf80000 - 0x00007ff90d057000 	C:\WINDOWS\System32\OLEAUT32.dll
0x00007ff8ee030000 - 0x00007ff8ee062000 	C:\WINDOWS\SYSTEM32\dbgcore.DLL
0x00007ff90b8c0000 - 0x00007ff90b93b000 	C:\WINDOWS\System32\bcryptPrimitives.dll
0x00007ff8fc720000 - 0x00007ff8fc749000 	E:\Android2021.3\AndroidStudio\jre\bin\java.dll
0x00007ff905e10000 - 0x00007ff905e1b000 	E:\Android2021.3\AndroidStudio\jre\bin\jimage.dll
0x00007ff8fc800000 - 0x00007ff8fc818000 	E:\Android2021.3\AndroidStudio\jre\bin\zip.dll
0x00007ff90c790000 - 0x00007ff90cf7f000 	C:\WINDOWS\System32\SHELL32.dll
0x00007ff9092b0000 - 0x00007ff909b78000 	C:\WINDOWS\SYSTEM32\windows.storage.dll
0x00007ff909170000 - 0x00007ff9092ae000 	C:\WINDOWS\SYSTEM32\wintypes.dll
0x00007ff90c630000 - 0x00007ff90c721000 	C:\WINDOWS\System32\SHCORE.dll
0x00007ff90d260000 - 0x00007ff90d2be000 	C:\WINDOWS\System32\shlwapi.dll
0x00007ff90b1c0000 - 0x00007ff90b1e1000 	C:\WINDOWS\SYSTEM32\profapi.dll
0x00007ff8fb4e0000 - 0x00007ff8fb4fa000 	E:\Android2021.3\AndroidStudio\jre\bin\net.dll
0x00007ff904d90000 - 0x00007ff904ebf000 	C:\WINDOWS\SYSTEM32\WINHTTP.dll
0x00007ff90a7d0000 - 0x00007ff90a839000 	C:\WINDOWS\system32\mswsock.dll
0x00007ff8fb430000 - 0x00007ff8fb444000 	E:\Android2021.3\AndroidStudio\jre\bin\nio.dll
0x00007ff8fa6b0000 - 0x00007ff8fa6d7000 	E:\Android2021.3\Sdk\.gradle\native\e1d6ef7f7dcc3fd88c89a11ec53ec762bb8ba0a96d01ffa2cd45eb1d1d8dd5c5\windows-amd64\native-platform.dll
0x00007ff8d1db0000 - 0x00007ff8d1ef4000 	E:\Android2021.3\Sdk\.gradle\native\0d407fdbe67a94daf76414ababcb853783967236a71b16ec16e742cd7a986fd3\windows-amd64\native-platform-file-events.dll
0x00007ff8fcc20000 - 0x00007ff8fcc2a000 	E:\Android2021.3\AndroidStudio\jre\bin\management.dll
0x00007ff8fb970000 - 0x00007ff8fb97d000 	E:\Android2021.3\AndroidStudio\jre\bin\management_ext.dll
0x00007ff90aa90000 - 0x00007ff90aaab000 	C:\WINDOWS\SYSTEM32\CRYPTSP.dll
0x00007ff90a250000 - 0x00007ff90a285000 	C:\WINDOWS\system32\rsaenh.dll
0x00007ff90a930000 - 0x00007ff90a958000 	C:\WINDOWS\SYSTEM32\USERENV.dll
0x00007ff90ac50000 - 0x00007ff90ac78000 	C:\WINDOWS\SYSTEM32\bcrypt.dll
0x00007ff90aab0000 - 0x00007ff90aabc000 	C:\WINDOWS\SYSTEM32\CRYPTBASE.dll
0x00007ff909e10000 - 0x00007ff909e3d000 	C:\WINDOWS\SYSTEM32\IPHLPAPI.DLL
0x00007ff90d3e0000 - 0x00007ff90d3e9000 	C:\WINDOWS\System32\NSI.dll
0x00007ff904ff0000 - 0x00007ff905009000 	C:\WINDOWS\SYSTEM32\dhcpcsvc6.DLL
0x00007ff904cb0000 - 0x00007ff904ccf000 	C:\WINDOWS\SYSTEM32\dhcpcsvc.DLL
0x00007ff909e90000 - 0x00007ff909f83000 	C:\WINDOWS\SYSTEM32\DNSAPI.dll

dbghelp: loaded successfully - version: 4.0.5 - missing functions: none
symbol engine: initialized successfully - sym options: 0x614 - pdb path: .;E:\Android2021.3\AndroidStudio\jre\bin;C:\WINDOWS\SYSTEM32;C:\WINDOWS\WinSxS\amd64_microsoft.windows.common-controls_6595b64144ccf1df_6.0.22621.608_none_a9444ca7c10bb01d;E:\Android2021.3\AndroidStudio\jre\bin\server;E:\Android2021.3\Sdk\.gradle\native\e1d6ef7f7dcc3fd88c89a11ec53ec762bb8ba0a96d01ffa2cd45eb1d1d8dd5c5\windows-amd64;E:\Android2021.3\Sdk\.gradle\native\0d407fdbe67a94daf76414ababcb853783967236a71b16ec16e742cd7a986fd3\windows-amd64

VM Arguments:
jvm_args: --add-opens=java.base/java.util=ALL-UNNAMED --add-opens=java.base/java.lang=ALL-UNNAMED --add-opens=java.base/java.lang.invoke=ALL-UNNAMED --add-opens=java.base/java.util=ALL-UNNAMED --add-opens=java.prefs/java.util.prefs=ALL-UNNAMED --add-opens=java.prefs/java.util.prefs=ALL-UNNAMED --add-opens=java.base/java.nio.charset=ALL-UNNAMED --add-opens=java.base/java.net=ALL-UNNAMED --add-opens=java.base/java.util.concurrent.atomic=ALL-UNNAMED -Xmx2048m -Dfile.encoding=UTF-8 -Duser.country=CN -Duser.language=zh -Duser.variant 
java_command: org.gradle.launcher.daemon.bootstrap.GradleDaemon 7.4
java_class_path (initial): E:\Android2021.3\Sdk\.gradle\wrapper\dists\gradle-7.4-bin\c0gwcg53nkjbqw7r0h0umtfvt\gradle-7.4\lib\gradle-launcher-7.4.jar
Launcher Type: SUN_STANDARD

[Global flags]
     intx CICompilerCount                          = 4                                         {product} {ergonomic}
     uint ConcGCThreads                            = 2                                         {product} {ergonomic}
     uint G1ConcRefinementThreads                  = 8                                         {product} {ergonomic}
   size_t G1HeapRegionSize                         = 1048576                                   {product} {ergonomic}
    uintx GCDrainStackTargetSize                   = 64                                        {product} {ergonomic}
   size_t InitialHeapSize                          = 132120576                                 {product} {ergonomic}
   size_t MarkStackSize                            = 4194304                                   {product} {ergonomic}
   size_t MaxHeapSize                              = 2147483648                                {product} {command line}
   size_t MaxNewSize                               = 1287651328                                {product} {ergonomic}
   size_t MinHeapDeltaBytes                        = 1048576                                   {product} {ergonomic}
    uintx NonNMethodCodeHeapSize                   = 5836300                                {pd product} {ergonomic}
    uintx NonProfiledCodeHeapSize                  = 122910970                              {pd product} {ergonomic}
    uintx ProfiledCodeHeapSize                     = 122910970                              {pd product} {ergonomic}
    uintx ReservedCodeCacheSize                    = 251658240                              {pd product} {ergonomic}
     bool SegmentedCodeCache                       = true                                      {product} {ergonomic}
     bool UseCompressedClassPointers               = true                                 {lp64_product} {ergonomic}
     bool UseCompressedOops                        = true                                 {lp64_product} {ergonomic}
     bool UseG1GC                                  = true                                      {product} {ergonomic}
     bool UseLargePagesIndividualAllocation        = false                                  {pd product} {ergonomic}

Logging:
Log output configuration:
 #0: stdout all=warning uptime,level,tags
 #1: stderr all=off uptime,level,tags

Environment Variables:
JAVA_HOME=C:\Program Files\Java\jdk1.8.0_201
CLASSPATH=.;C:\Program Files\Java\jdk1.8.0_201\lib\dt.jar;C:\Program Files\Java\jdk1.8.0_201\lib\tools.jar
PATH=C:\Program Files (x86)\Common Files\Oracle\Java\javapath;C:\Program Files\Java\jdk1.8.0_201\bin;C:\WINDOWS\system32;C:\WINDOWS;C:\WINDOWS\System32\Wbem;C:\WINDOWS\System32\WindowsPowerShell\v1.0\;E:\Android2021.3\Sdk\platform-tools;C:\WINDOWS\System32\OpenSSH\;F:\software\新建文件夹\Bandizip\;C:\Users\admin\AppData\Local\Microsoft\WindowsApps;E:\Android2021.3\Sdk\platform-tools;
USERNAME=admin
OS=Windows_NT
PROCESSOR_IDENTIFIER=Intel64 Family 6 Model 158 Stepping 10, GenuineIntel



---------------  S Y S T E M  ---------------

OS: Windows 11 , 64 bit Build 22621 (10.0.22621.1194)
OS uptime: 5 days 5:30 hours

CPU:total 8 (initial active 8) (4 cores per cpu, 2 threads per core) family 6 model 158 stepping 10 microcode 0xde, cmov, cx8, fxsr, mmx, sse, sse2, sse3, ssse3, sse4.1, sse4.2, popcnt, avx, avx2, aes, clmul, erms, 3dnowpref, lzcnt, ht, tsc, tscinvbit, bmi1, bmi2, adx, fma

Memory: 4k page, system-wide physical 8043M (454M free)
TotalPageFile size 32619M (AvailPageFile size 0M)
current process WorkingSet (physical memory assigned to process): 312M, peak: 325M
current process commit charge ("private bytes"): 386M, peak: 392M

vm_info: OpenJDK 64-Bit Server VM (11.0.13+0-b1751.21-8125866) for windows-amd64 JRE (11.0.13+0-b1751.21-8125866), built on Feb  2 2022 03:00:22 by "builder" with MS VC++ 14.0 (VS2015)

END.
